"2020-02-09  [main] INFO  com.example.demo.DemoApplication - Starting DemoApplication on MCA1739042 with PID 15452 (C:\Users\KIIT\Desktop\Rash\test\Demo\target\classes started by KIIT in C:\Users\KIIT\Desktop\Rash\test\Demo)
""2020-02-09  [main] INFO  com.example.demo.DemoApplication - No active profile set, falling back to default profiles: default
""2020-02-09  [main] INFO  org.springframework.data.repository.config.RepositoryConfigurationDelegate - Bootstrapping Spring Data JPA repositories in DEFAULT mode.
""2020-02-09  [main] INFO  org.springframework.data.repository.config.RepositoryConfigurationDelegate - Finished Spring Data repository scanning in 50ms. Found 1 JPA repository interfaces.
""2020-02-09  [main] INFO  org.springframework.context.support.PostProcessorRegistrationDelegate$BeanPostProcessorChecker - Bean 'org.springframework.transaction.annotation.ProxyTransactionManagementConfiguration' of type [org.springframework.transaction.annotation.ProxyTransactionManagementConfiguration] is not eligible for getting processed by all BeanPostProcessors (for example: not eligible for auto-proxying)
""2020-02-09  [main] INFO  org.springframework.boot.web.embedded.tomcat.TomcatWebServer - Tomcat initialized with port(s): 9090 (http)
""2020-02-09  [main] INFO  org.apache.catalina.core.StandardService - Starting service [Tomcat]
""2020-02-09  [main] INFO  org.apache.catalina.core.StandardEngine - Starting Servlet engine: [Apache Tomcat/9.0.30]
""2020-02-09  [main] INFO  org.apache.catalina.core.ContainerBase.[Tomcat].[localhost].[/] - Initializing Spring embedded WebApplicationContext
""2020-02-09  [main] DEBUG org.springframework.web.context.ContextLoader - Published root WebApplicationContext as ServletContext attribute with name [org.springframework.web.context.WebApplicationContext.ROOT]
""2020-02-09  [main] INFO  org.springframework.web.context.ContextLoader - Root WebApplicationContext: initialization completed in 1415 ms
""2020-02-09  [main] INFO  org.hibernate.jpa.internal.util.LogHelper - HHH000204: Processing PersistenceUnitInfo [name: default]
""2020-02-09  [main] INFO  org.hibernate.Version - HHH000412: Hibernate Core {5.4.10.Final}
""2020-02-09  [main] INFO  org.hibernate.annotations.common.Version - HCANN000001: Hibernate Commons Annotations {5.1.0.Final}
""2020-02-09  [main] INFO  com.zaxxer.hikari.HikariDataSource - HikariPool-1 - Starting...
""2020-02-09  [main] INFO  com.zaxxer.hikari.HikariDataSource - HikariPool-1 - Start completed.
""2020-02-09  [main] INFO  org.hibernate.dialect.Dialect - HHH000400: Using dialect: org.hibernate.dialect.MySQL8Dialect
""2020-02-09  [main] INFO  org.hibernate.engine.transaction.jta.platform.internal.JtaPlatformInitiator - HHH000490: Using JtaPlatform implementation: [org.hibernate.engine.transaction.jta.platform.internal.NoJtaPlatform]
""2020-02-09  [main] INFO  org.springframework.orm.jpa.LocalContainerEntityManagerFactoryBean - Initialized JPA EntityManagerFactory for persistence unit 'default'
""2020-02-09  [main] WARN  org.springframework.boot.autoconfigure.orm.jpa.JpaBaseConfiguration$JpaWebConfiguration - spring.jpa.open-in-view is enabled by default. Therefore, database queries may be performed during view rendering. Explicitly configure spring.jpa.open-in-view to disable this warning
""2020-02-09  [main] DEBUG org.springframework.web.servlet.mvc.method.annotation.RequestMappingHandlerMapping - 10 mappings in 'requestMappingHandlerMapping'
""2020-02-09  [main] INFO  springfox.documentation.spring.web.PropertySourcedRequestMappingHandlerMapping - Mapped URL path [/v2/api-docs] onto method [springfox.documentation.swagger2.web.Swagger2Controller#getDocumentation(String, HttpServletRequest)]
""2020-02-09  [main] INFO  org.springframework.scheduling.concurrent.ThreadPoolTaskExecutor - Initializing ExecutorService 'applicationTaskExecutor'
""2020-02-09  [main] DEBUG org.springframework.web.servlet.mvc.method.annotation.RequestMappingHandlerAdapter - ControllerAdvice beans: 0 @ModelAttribute, 0 @InitBinder, 1 RequestBodyAdvice, 1 ResponseBodyAdvice
""2020-02-09  [main] DEBUG org.springframework.web.servlet.handler.SimpleUrlHandlerMapping - Patterns [/webjars/**, /**] in 'resourceHandlerMapping'
""2020-02-09  [main] DEBUG org.springframework.web.servlet.mvc.method.annotation.ExceptionHandlerExceptionResolver - ControllerAdvice beans: 0 @ExceptionHandler, 1 ResponseBodyAdvice
""2020-02-09  [main] WARN  org.springframework.boot.autoconfigure.thymeleaf.ThymeleafAutoConfiguration$DefaultTemplateResolverConfiguration - Cannot find template location: classpath:/templates/ (please add some templates or check your Thymeleaf configuration)
""2020-02-09  [main] INFO  springfox.documentation.spring.web.plugins.DocumentationPluginsBootstrapper - Context refreshed
""2020-02-09  [main] INFO  springfox.documentation.spring.web.plugins.DocumentationPluginsBootstrapper - Found 1 custom documentation plugin(s)
""2020-02-09  [main] INFO  springfox.documentation.spring.web.scanners.ApiListingReferenceScanner - Scanning for api listing references
""2020-02-09  [main] INFO  org.springframework.boot.web.embedded.tomcat.TomcatWebServer - Tomcat started on port(s): 9090 (http) with context path ''
""2020-02-09  [main] INFO  com.example.demo.DemoApplication - Started DemoApplication in 4.858 seconds (JVM running for 6.049)
""2020-02-09  [main] INFO  com.example.demo.controller.ControllerStudent - Info log in our greeting method
""2020-02-09  [main] WARN  com.example.demo.controller.ControllerStudent - Warning log in our greeting method
""2020-02-09  [main] ERROR com.example.demo.controller.ControllerStudent - Error in our greeting method
""2020-02-09  [main] FATAL com.example.demo.controller.ControllerStudent - Damn! Fatal error. Please fix me.
""2020-02-09  [RMI TCP Connection(3)-127.0.0.1] INFO  org.springframework.boot.admin.SpringApplicationAdminMXBeanRegistrar$SpringApplicationAdmin - Application shutdown requested.
""2020-02-09  [RMI TCP Connection(3)-127.0.0.1] INFO  org.springframework.scheduling.concurrent.ThreadPoolTaskExecutor - Shutting down ExecutorService 'applicationTaskExecutor'
""2020-02-09  [RMI TCP Connection(3)-127.0.0.1] INFO  org.springframework.orm.jpa.LocalContainerEntityManagerFactoryBean - Closing JPA EntityManagerFactory for persistence unit 'default'
""2020-02-09  [RMI TCP Connection(3)-127.0.0.1] INFO  com.zaxxer.hikari.HikariDataSource - HikariPool-1 - Shutdown initiated...
""2020-02-09  [RMI TCP Connection(3)-127.0.0.1] INFO  com.zaxxer.hikari.HikariDataSource - HikariPool-1 - Shutdown completed.
""2020-02-09  [main] INFO  com.example.demo.DemoApplication - Starting DemoApplication on MCA1739042 with PID 15592 (C:\Users\KIIT\Desktop\Rash\test\Demo\target\classes started by KIIT in C:\Users\KIIT\Desktop\Rash\test\Demo)
""2020-02-09  [main] INFO  com.example.demo.DemoApplication - No active profile set, falling back to default profiles: default
""2020-02-09  [main] INFO  org.springframework.data.repository.config.RepositoryConfigurationDelegate - Bootstrapping Spring Data JPA repositories in DEFAULT mode.
""2020-02-09  [main] INFO  org.springframework.data.repository.config.RepositoryConfigurationDelegate - Finished Spring Data repository scanning in 53ms. Found 1 JPA repository interfaces.
""2020-02-09  [main] INFO  org.springframework.context.support.PostProcessorRegistrationDelegate$BeanPostProcessorChecker - Bean 'org.springframework.transaction.annotation.ProxyTransactionManagementConfiguration' of type [org.springframework.transaction.annotation.ProxyTransactionManagementConfiguration] is not eligible for getting processed by all BeanPostProcessors (for example: not eligible for auto-proxying)
""2020-02-09  [main] INFO  org.springframework.boot.web.embedded.tomcat.TomcatWebServer - Tomcat initialized with port(s): 9090 (http)
""2020-02-09  [main] INFO  org.apache.catalina.core.StandardService - Starting service [Tomcat]
""2020-02-09  [main] INFO  org.apache.catalina.core.StandardEngine - Starting Servlet engine: [Apache Tomcat/9.0.30]
""2020-02-09  [main] INFO  org.apache.catalina.core.ContainerBase.[Tomcat].[localhost].[/] - Initializing Spring embedded WebApplicationContext
""2020-02-09  [main] DEBUG org.springframework.web.context.ContextLoader - Published root WebApplicationContext as ServletContext attribute with name [org.springframework.web.context.WebApplicationContext.ROOT]
""2020-02-09  [main] INFO  org.springframework.web.context.ContextLoader - Root WebApplicationContext: initialization completed in 1561 ms
""2020-02-09  [main] INFO  org.hibernate.jpa.internal.util.LogHelper - HHH000204: Processing PersistenceUnitInfo [name: default]
""2020-02-09  [main] INFO  org.hibernate.Version - HHH000412: Hibernate Core {5.4.10.Final}
""2020-02-09  [main] INFO  org.hibernate.annotations.common.Version - HCANN000001: Hibernate Commons Annotations {5.1.0.Final}
""2020-02-09  [main] INFO  com.zaxxer.hikari.HikariDataSource - HikariPool-1 - Starting...
""2020-02-09  [main] INFO  com.zaxxer.hikari.HikariDataSource - HikariPool-1 - Start completed.
""2020-02-09  [main] INFO  org.hibernate.dialect.Dialect - HHH000400: Using dialect: org.hibernate.dialect.MySQL8Dialect
""2020-02-09  [main] INFO  org.hibernate.engine.transaction.jta.platform.internal.JtaPlatformInitiator - HHH000490: Using JtaPlatform implementation: [org.hibernate.engine.transaction.jta.platform.internal.NoJtaPlatform]
""2020-02-09  [main] INFO  org.springframework.orm.jpa.LocalContainerEntityManagerFactoryBean - Initialized JPA EntityManagerFactory for persistence unit 'default'
""2020-02-09  [main] WARN  org.springframework.boot.autoconfigure.orm.jpa.JpaBaseConfiguration$JpaWebConfiguration - spring.jpa.open-in-view is enabled by default. Therefore, database queries may be performed during view rendering. Explicitly configure spring.jpa.open-in-view to disable this warning
""2020-02-09  [main] DEBUG org.springframework.web.servlet.mvc.method.annotation.RequestMappingHandlerMapping - 10 mappings in 'requestMappingHandlerMapping'
""2020-02-09  [main] INFO  springfox.documentation.spring.web.PropertySourcedRequestMappingHandlerMapping - Mapped URL path [/v2/api-docs] onto method [springfox.documentation.swagger2.web.Swagger2Controller#getDocumentation(String, HttpServletRequest)]
""2020-02-09  [main] INFO  org.springframework.scheduling.concurrent.ThreadPoolTaskExecutor - Initializing ExecutorService 'applicationTaskExecutor'
""2020-02-09  [main] DEBUG org.springframework.web.servlet.mvc.method.annotation.RequestMappingHandlerAdapter - ControllerAdvice beans: 0 @ModelAttribute, 0 @InitBinder, 1 RequestBodyAdvice, 1 ResponseBodyAdvice
""2020-02-09  [main] DEBUG org.springframework.web.servlet.handler.SimpleUrlHandlerMapping - Patterns [/webjars/**, /**] in 'resourceHandlerMapping'
""2020-02-09  [main] DEBUG org.springframework.web.servlet.mvc.method.annotation.ExceptionHandlerExceptionResolver - ControllerAdvice beans: 0 @ExceptionHandler, 1 ResponseBodyAdvice
""2020-02-09  [main] WARN  org.springframework.boot.autoconfigure.thymeleaf.ThymeleafAutoConfiguration$DefaultTemplateResolverConfiguration - Cannot find template location: classpath:/templates/ (please add some templates or check your Thymeleaf configuration)
""2020-02-09  [main] INFO  springfox.documentation.spring.web.plugins.DocumentationPluginsBootstrapper - Context refreshed
""2020-02-09  [main] INFO  springfox.documentation.spring.web.plugins.DocumentationPluginsBootstrapper - Found 1 custom documentation plugin(s)
""2020-02-09  [main] INFO  springfox.documentation.spring.web.scanners.ApiListingReferenceScanner - Scanning for api listing references
""2020-02-09  [main] INFO  org.springframework.boot.web.embedded.tomcat.TomcatWebServer - Tomcat started on port(s): 9090 (http) with context path ''
""2020-02-09  [main] INFO  com.example.demo.DemoApplication - Started DemoApplication in 4.824 seconds (JVM running for 6.086)
""2020-02-09  [main] INFO  com.example.demo.controller.ControllerStudent - Info log in our greeting method
""2020-02-09  [main] WARN  com.example.demo.controller.ControllerStudent - Warning log in our greeting method
""2020-02-09  [main] ERROR com.example.demo.controller.ControllerStudent - Error in our greeting method
""2020-02-09  [main] FATAL com.example.demo.controller.ControllerStudent - Damn! Fatal error. Please fix me.
""2020-02-09  [RMI TCP Connection(5)-127.0.0.1] INFO  org.springframework.boot.admin.SpringApplicationAdminMXBeanRegistrar$SpringApplicationAdmin - Application shutdown requested.
""2020-02-09  [RMI TCP Connection(5)-127.0.0.1] INFO  org.springframework.scheduling.concurrent.ThreadPoolTaskExecutor - Shutting down ExecutorService 'applicationTaskExecutor'
""2020-02-09  [RMI TCP Connection(5)-127.0.0.1] INFO  org.springframework.orm.jpa.LocalContainerEntityManagerFactoryBean - Closing JPA EntityManagerFactory for persistence unit 'default'
""2020-02-09  [RMI TCP Connection(5)-127.0.0.1] INFO  com.zaxxer.hikari.HikariDataSource - HikariPool-1 - Shutdown initiated...
""2020-02-09  [RMI TCP Connection(5)-127.0.0.1] INFO  com.zaxxer.hikari.HikariDataSource - HikariPool-1 - Shutdown completed.
"